<?xml version="1.0" encoding="UTF-8"?>
<testsuite xmlns:xsi="http://www.w3.org/2001/XMLSchema-instance" xsi:noNamespaceSchemaLocation="https://maven.apache.org/surefire/maven-surefire-plugin/xsd/surefire-test-report-3.0.xsd" version="3.0" name="TestSuite" time="525.905" tests="17" errors="0" skipped="0" failures="0">
  <properties>
[...]
</properties>
  <testcase name="Login" classname="com.instaone.testcases.SmokeTesting" time="2.463"/>
  <testcase name="Create_user" classname="com.instaone.testcases.SmokeTesting" time="10.586"/>
  <testcase name="Product_registration" classname="com.instaone.testcases.SmokeTesting" time="24.808"/>
  <testcase name="Create_Customer" classname="com.instaone.testcases.SmokeTesting" time="9.255"/>
  <testcase name="Create_Supplier" classname="com.instaone.testcases.SmokeTesting" time="11.088"/>
  <testcase name="Purchase_record" classname="com.instaone.testcases.SmokeTesting" time="30.553"/>
  <testcase name="Sale_Product" classname="com.instaone.testcases.SmokeTesting" time="96.369"/>
  <testcase name="Sale_return" classname="com.instaone.testcases.SmokeTesting" time="30.743"/>
  <testcase name="SaleReturn_Delete" classname="com.instaone.testcases.SmokeTesting" time="43.866"/>
  <testcase name="Sale_Delete" classname="com.instaone.testcases.SmokeTesting" time="31.661"/>
  <testcase name="Purchase_Return" classname="com.instaone.testcases.SmokeTesting" time="10.991"/>
  <testcase name="PurchaseReturn_Deleted" classname="com.instaone.testcases.SmokeTesting" time="37.289"/>
  <testcase name="Purchase_Deleted" classname="com.instaone.testcases.SmokeTesting" time="29.673"/>
  <testcase name="Customer_Deleted" classname="com.instaone.testcases.SmokeTesting" time="25.643"/>
  <testcase name="Supplier_Deleted" classname="com.instaone.testcases.SmokeTesting" time="18.343"/>
  <testcase name="Model_Deleted" classname="com.instaone.testcases.SmokeTesting" time="77.228"/>
  <testcase name="User_Deleted" classname="com.instaone.testcases.SmokeTesting" time="30.78"/>
</testsuite>