<?xml version="1.0" encoding="UTF-8"?>
<!-- Generated by org.testng.reporters.JUnitXMLReporter -->
<testsuite hostname="Surajp" ignored="5" name="testname" tests="17" failures="0" timestamp="27 Apr 2020 11:32:33 GMT" time="521.359" errors="0">
  <testcase name="Login" time="2.455" classname="com.instaone.testcases.SmokeTesting"/>
  <testcase name="Create_user" time="10.594" classname="com.instaone.testcases.SmokeTesting"/>
  <testcase name="Product_registration" time="24.807" classname="com.instaone.testcases.SmokeTesting"/>
  <testcase name="Create_Customer" time="9.255" classname="com.instaone.testcases.SmokeTesting"/>
  <testcase name="Create_Supplier" time="11.088" classname="com.instaone.testcases.SmokeTesting"/>
  <testcase name="Purchase_record" time="30.552" classname="com.instaone.testcases.SmokeTesting"/>
  <testcase name="Sale_Product" time="96.368" classname="com.instaone.testcases.SmokeTesting"/>
  <testcase name="Sale_return" time="30.74" classname="com.instaone.testcases.SmokeTesting"/>
  <testcase name="SaleReturn_Delete" time="43.863" classname="com.instaone.testcases.SmokeTesting"/>
  <testcase name="Sale_Delete" time="31.664" classname="com.instaone.testcases.SmokeTesting"/>
  <testcase name="Purchase_Return" time="10.991" classname="com.instaone.testcases.SmokeTesting"/>
  <testcase name="PurchaseReturn_Deleted" time="37.288" classname="com.instaone.testcases.SmokeTesting"/>
  <testcase name="Purchase_Deleted" time="29.674" classname="com.instaone.testcases.SmokeTesting"/>
  <testcase name="Customer_Deleted" time="25.643" classname="com.instaone.testcases.SmokeTesting"/>
  <testcase name="Supplier_Deleted" time="18.343" classname="com.instaone.testcases.SmokeTesting"/>
  <testcase name="Model_Deleted" time="77.227" classname="com.instaone.testcases.SmokeTesting"/>
  <testcase name="User_Deleted" time="30.78" classname="com.instaone.testcases.SmokeTesting"/>
  <testcase name="pOrder" time="0.0" classname="com.instaone.testcases.SmokeTesting">
    <ignored/>
  </testcase> <!-- pOrder -->
  <testcase name="DeleteSale_AfterReturn" time="0.0" classname="com.instaone.testcases.SmokeTesting">
    <ignored/>
  </testcase> <!-- DeleteSale_AfterReturn -->
  <testcase name="accept" time="0.0" classname="com.instaone.testcases.SmokeTesting">
    <ignored/>
  </testcase> <!-- accept -->
  <testcase name="Create_Franchise" time="0.0" classname="com.instaone.testcases.SmokeTesting">
    <ignored/>
  </testcase> <!-- Create_Franchise -->
  <testcase name="Assign_Rights" time="0.0" classname="com.instaone.testcases.SmokeTesting">
    <ignored/>
  </testcase> <!-- Assign_Rights -->
</testsuite> <!-- testname -->
