<?xml version="1.0" encoding="UTF-8"?>
<testng-results skipped="0" failed="0" ignored="0" total="1" passed="1">
  <reporter-output>
  </reporter-output>
  <suite name="Default suite" duration-ms="49474" started-at="2020-10-29T16:48:52Z" finished-at="2020-10-29T16:49:41Z">
    <groups>
    </groups>
    <test name="Default test" duration-ms="49474" started-at="2020-10-29T16:48:52Z" finished-at="2020-10-29T16:49:41Z">
      <class name="com.aceinvoice.testcases.Assignment">
        <test-method status="PASS" signature="launchApp()[pri:0, instance:com.aceinvoice.testcases.Assignment@1fdc050]" name="launchApp" is-config="true" duration-ms="24678" started-at="2020-10-29T16:48:27Z" finished-at="2020-10-29T16:48:52Z">
          <reporter-output>
          </reporter-output>
        </test-method> <!-- launchApp -->
        <test-method status="PASS" signature="testcase()[pri:1, instance:com.aceinvoice.testcases.Assignment@1fdc050]" name="testcase" duration-ms="49404" started-at="2020-10-29T16:48:52Z" finished-at="2020-10-29T16:49:41Z">
          <reporter-output>
          </reporter-output>
        </test-method> <!-- testcase -->
        <test-method status="PASS" signature="closeApp()[pri:0, instance:com.aceinvoice.testcases.Assignment@1fdc050]" name="closeApp" is-config="true" duration-ms="991" started-at="2020-10-29T16:49:41Z" finished-at="2020-10-29T16:49:42Z">
          <reporter-output>
          </reporter-output>
        </test-method> <!-- closeApp -->
      </class> <!-- com.aceinvoice.testcases.Assignment -->
    </test> <!-- Default test -->
  </suite> <!-- Default suite -->
</testng-results>
